Iam testing Api from Busines Rule